<?xml version="1.0" encoding="UTF-8"?>
<testsuite xmlns:xsi="http://www.w3.org/2001/XMLSchema-instance" xsi:noNamespaceSchemaLocation="https://maven.apache.org/surefire/maven-surefire-plugin/xsd/surefire-test-report.xsd" name="com.liuhui.boot.SpringbootDemo5WebApplicationTests" time="4.3" tests="1" errors="0" skipped="0" failures="0">
  <properties>
    <property name="sun.desktop" value="windows"/>
    <property name="awt.toolkit" value="sun.awt.windows.WToolkit"/>
    <property name="file.encoding.pkg" value="sun.io"/>
    <property name="java.specification.version" value="1.8"/>
    <property name="sun.cpu.isalist" value="amd64"/>
    <property name="sun.jnu.encoding" value="GBK"/>
    <property name="java.class.path" value="C:\Users\刘先生\Desktop\java-Md\SpirngBoot\springboot-demo5-web\target\test-classes;C:\Users\刘先生\Desktop\java-Md\SpirngBoot\springboot-demo5-web\target\classes;D:\Application\apache-maven-3.8.4\repo_jar\org\springframework\boot\spring-boot-starter-web\2.6.2\spring-boot-starter-web-2.6.2.jar;D:\Application\apache-maven-3.8.4\repo_jar\org\springframework\boot\spring-boot-starter\2.6.2\spring-boot-starter-2.6.2.jar;D:\Application\apache-maven-3.8.4\repo_jar\org\springframework\boot\spring-boot-starter-logging\2.6.2\spring-boot-starter-logging-2.6.2.jar;D:\Application\apache-maven-3.8.4\repo_jar\ch\qos\logback\logback-classic\1.2.9\logback-classic-1.2.9.jar;D:\Application\apache-maven-3.8.4\repo_jar\ch\qos\logback\logback-core\1.2.9\logback-core-1.2.9.jar;D:\Application\apache-maven-3.8.4\repo_jar\org\apache\logging\log4j\log4j-to-slf4j\2.17.0\log4j-to-slf4j-2.17.0.jar;D:\Application\apache-maven-3.8.4\repo_jar\org\apache\logging\log4j\log4j-api\2.17.0\log4j-api-2.17.0.jar;D:\Application\apache-maven-3.8.4\repo_jar\org\slf4j\jul-to-slf4j\1.7.32\jul-to-slf4j-1.7.32.jar;D:\Application\apache-maven-3.8.4\repo_jar\jakarta\annotation\jakarta.annotation-api\1.3.5\jakarta.annotation-api-1.3.5.jar;D:\Application\apache-maven-3.8.4\repo_jar\org\yaml\snakeyaml\1.29\snakeyaml-1.29.jar;D:\Application\apache-maven-3.8.4\repo_jar\org\springframework\boot\spring-boot-starter-json\2.6.2\spring-boot-starter-json-2.6.2.jar;D:\Application\apache-maven-3.8.4\repo_jar\com\fasterxml\jackson\core\jackson-databind\2.13.1\jackson-databind-2.13.1.jar;D:\Application\apache-maven-3.8.4\repo_jar\com\fasterxml\jackson\core\jackson-annotations\2.13.1\jackson-annotations-2.13.1.jar;D:\Application\apache-maven-3.8.4\repo_jar\com\fasterxml\jackson\core\jackson-core\2.13.1\jackson-core-2.13.1.jar;D:\Application\apache-maven-3.8.4\repo_jar\com\fasterxml\jackson\datatype\jackson-datatype-jdk8\2.13.1\jackson-datatype-jdk8-2.13.1.jar;D:\Application\apache-maven-3.8.4\repo_jar\com\fasterxml\jackson\datatype\jackson-datatype-jsr310\2.13.1\jackson-datatype-jsr310-2.13.1.jar;D:\Application\apache-maven-3.8.4\repo_jar\com\fasterxml\jackson\module\jackson-module-parameter-names\2.13.1\jackson-module-parameter-names-2.13.1.jar;D:\Application\apache-maven-3.8.4\repo_jar\org\springframework\boot\spring-boot-starter-tomcat\2.6.2\spring-boot-starter-tomcat-2.6.2.jar;D:\Application\apache-maven-3.8.4\repo_jar\org\apache\tomcat\embed\tomcat-embed-core\9.0.56\tomcat-embed-core-9.0.56.jar;D:\Application\apache-maven-3.8.4\repo_jar\org\apache\tomcat\embed\tomcat-embed-el\9.0.56\tomcat-embed-el-9.0.56.jar;D:\Application\apache-maven-3.8.4\repo_jar\org\apache\tomcat\embed\tomcat-embed-websocket\9.0.56\tomcat-embed-websocket-9.0.56.jar;D:\Application\apache-maven-3.8.4\repo_jar\org\springframework\spring-web\5.3.14\spring-web-5.3.14.jar;D:\Application\apache-maven-3.8.4\repo_jar\org\springframework\spring-beans\5.3.14\spring-beans-5.3.14.jar;D:\Application\apache-maven-3.8.4\repo_jar\org\springframework\spring-webmvc\5.3.14\spring-webmvc-5.3.14.jar;D:\Application\apache-maven-3.8.4\repo_jar\org\springframework\spring-aop\5.3.14\spring-aop-5.3.14.jar;D:\Application\apache-maven-3.8.4\repo_jar\org\springframework\spring-context\5.3.14\spring-context-5.3.14.jar;D:\Application\apache-maven-3.8.4\repo_jar\org\springframework\spring-expression\5.3.14\spring-expression-5.3.14.jar;D:\Application\apache-maven-3.8.4\repo_jar\org\springframework\boot\spring-boot-devtools\2.6.2\spring-boot-devtools-2.6.2.jar;D:\Application\apache-maven-3.8.4\repo_jar\org\springframework\boot\spring-boot\2.6.2\spring-boot-2.6.2.jar;D:\Application\apache-maven-3.8.4\repo_jar\org\springframework\boot\spring-boot-autoconfigure\2.6.2\spring-boot-autoconfigure-2.6.2.jar;D:\Application\apache-maven-3.8.4\repo_jar\org\springframework\boot\spring-boot-configuration-processor\2.6.2\spring-boot-configuration-processor-2.6.2.jar;D:\Application\apache-maven-3.8.4\repo_jar\org\projectlombok\lombok\1.18.22\lombok-1.18.22.jar;D:\Application\apache-maven-3.8.4\repo_jar\org\springframework\boot\spring-boot-starter-test\2.6.2\spring-boot-starter-test-2.6.2.jar;D:\Application\apache-maven-3.8.4\repo_jar\org\springframework\boot\spring-boot-test\2.6.2\spring-boot-test-2.6.2.jar;D:\Application\apache-maven-3.8.4\repo_jar\org\springframework\boot\spring-boot-test-autoconfigure\2.6.2\spring-boot-test-autoconfigure-2.6.2.jar;D:\Application\apache-maven-3.8.4\repo_jar\com\jayway\jsonpath\json-path\2.6.0\json-path-2.6.0.jar;D:\Application\apache-maven-3.8.4\repo_jar\net\minidev\json-smart\2.4.7\json-smart-2.4.7.jar;D:\Application\apache-maven-3.8.4\repo_jar\net\minidev\accessors-smart\2.4.7\accessors-smart-2.4.7.jar;D:\Application\apache-maven-3.8.4\repo_jar\org\ow2\asm\asm\9.1\asm-9.1.jar;D:\Application\apache-maven-3.8.4\repo_jar\org\slf4j\slf4j-api\1.7.32\slf4j-api-1.7.32.jar;D:\Application\apache-maven-3.8.4\repo_jar\jakarta\xml\bind\jakarta.xml.bind-api\2.3.3\jakarta.xml.bind-api-2.3.3.jar;D:\Application\apache-maven-3.8.4\repo_jar\jakarta\activation\jakarta.activation-api\1.2.2\jakarta.activation-api-1.2.2.jar;D:\Application\apache-maven-3.8.4\repo_jar\org\assertj\assertj-core\3.21.0\assertj-core-3.21.0.jar;D:\Application\apache-maven-3.8.4\repo_jar\org\hamcrest\hamcrest\2.2\hamcrest-2.2.jar;D:\Application\apache-maven-3.8.4\repo_jar\org\junit\jupiter\junit-jupiter\5.8.2\junit-jupiter-5.8.2.jar;D:\Application\apache-maven-3.8.4\repo_jar\org\junit\jupiter\junit-jupiter-api\5.8.2\junit-jupiter-api-5.8.2.jar;D:\Application\apache-maven-3.8.4\repo_jar\org\opentest4j\opentest4j\1.2.0\opentest4j-1.2.0.jar;D:\Application\apache-maven-3.8.4\repo_jar\org\junit\platform\junit-platform-commons\1.8.2\junit-platform-commons-1.8.2.jar;D:\Application\apache-maven-3.8.4\repo_jar\org\apiguardian\apiguardian-api\1.1.2\apiguardian-api-1.1.2.jar;D:\Application\apache-maven-3.8.4\repo_jar\org\junit\jupiter\junit-jupiter-params\5.8.2\junit-jupiter-params-5.8.2.jar;D:\Application\apache-maven-3.8.4\repo_jar\org\junit\jupiter\junit-jupiter-engine\5.8.2\junit-jupiter-engine-5.8.2.jar;D:\Application\apache-maven-3.8.4\repo_jar\org\junit\platform\junit-platform-engine\1.8.2\junit-platform-engine-1.8.2.jar;D:\Application\apache-maven-3.8.4\repo_jar\org\mockito\mockito-core\4.0.0\mockito-core-4.0.0.jar;D:\Application\apache-maven-3.8.4\repo_jar\net\bytebuddy\byte-buddy\1.11.22\byte-buddy-1.11.22.jar;D:\Application\apache-maven-3.8.4\repo_jar\net\bytebuddy\byte-buddy-agent\1.11.22\byte-buddy-agent-1.11.22.jar;D:\Application\apache-maven-3.8.4\repo_jar\org\objenesis\objenesis\3.2\objenesis-3.2.jar;D:\Application\apache-maven-3.8.4\repo_jar\org\mockito\mockito-junit-jupiter\4.0.0\mockito-junit-jupiter-4.0.0.jar;D:\Application\apache-maven-3.8.4\repo_jar\org\skyscreamer\jsonassert\1.5.0\jsonassert-1.5.0.jar;D:\Application\apache-maven-3.8.4\repo_jar\com\vaadin\external\google\android-json\0.0.20131108.vaadin1\android-json-0.0.20131108.vaadin1.jar;D:\Application\apache-maven-3.8.4\repo_jar\org\springframework\spring-core\5.3.14\spring-core-5.3.14.jar;D:\Application\apache-maven-3.8.4\repo_jar\org\springframework\spring-jcl\5.3.14\spring-jcl-5.3.14.jar;D:\Application\apache-maven-3.8.4\repo_jar\org\springframework\spring-test\5.3.14\spring-test-5.3.14.jar;D:\Application\apache-maven-3.8.4\repo_jar\org\xmlunit\xmlunit-core\2.8.4\xmlunit-core-2.8.4.jar;D:\Application\apache-maven-3.8.4\repo_jar\org\springframework\boot\spring-boot-starter-thymeleaf\2.6.2\spring-boot-starter-thymeleaf-2.6.2.jar;D:\Application\apache-maven-3.8.4\repo_jar\org\thymeleaf\thymeleaf-spring5\3.0.14.RELEASE\thymeleaf-spring5-3.0.14.RELEASE.jar;D:\Application\apache-maven-3.8.4\repo_jar\org\thymeleaf\thymeleaf\3.0.14.RELEASE\thymeleaf-3.0.14.RELEASE.jar;D:\Application\apache-maven-3.8.4\repo_jar\org\attoparser\attoparser\2.0.5.RELEASE\attoparser-2.0.5.RELEASE.jar;D:\Application\apache-maven-3.8.4\repo_jar\org\unbescape\unbescape\1.1.6.RELEASE\unbescape-1.1.6.RELEASE.jar;D:\Application\apache-maven-3.8.4\repo_jar\org\thymeleaf\extras\thymeleaf-extras-java8time\3.0.4.RELEASE\thymeleaf-extras-java8time-3.0.4.RELEASE.jar;"/>
    <property name="java.vm.vendor" value="Oracle Corporation"/>
    <property name="sun.arch.data.model" value="64"/>
    <property name="user.variant" value=""/>
    <property name="java.vendor.url" value="http://java.oracle.com/"/>
    <property name="user.timezone" value="Asia/Shanghai"/>
    <property name="java.vm.specification.version" value="1.8"/>
    <property name="os.name" value="Windows 10"/>
    <property name="user.country" value="CN"/>
    <property name="sun.java.launcher" value="SUN_STANDARD"/>
    <property name="sun.boot.library.path" value="C:\Program Files\Java\jdk1.8.0_202\jre\bin"/>
    <property name="sun.java.command" value="C:\Users\刘先生\AppData\Local\Temp\surefire7331757049131605170\surefirebooter2289029260579975077.jar C:\Users\刘先生\AppData\Local\Temp\surefire7331757049131605170 2022-01-19T14-40-07_930-jvmRun1 surefire4959218888311845098tmp surefire_02438650303486723071tmp"/>
    <property name="surefire.test.class.path" value="C:\Users\刘先生\Desktop\java-Md\SpirngBoot\springboot-demo5-web\target\test-classes;C:\Users\刘先生\Desktop\java-Md\SpirngBoot\springboot-demo5-web\target\classes;D:\Application\apache-maven-3.8.4\repo_jar\org\springframework\boot\spring-boot-starter-web\2.6.2\spring-boot-starter-web-2.6.2.jar;D:\Application\apache-maven-3.8.4\repo_jar\org\springframework\boot\spring-boot-starter\2.6.2\spring-boot-starter-2.6.2.jar;D:\Application\apache-maven-3.8.4\repo_jar\org\springframework\boot\spring-boot-starter-logging\2.6.2\spring-boot-starter-logging-2.6.2.jar;D:\Application\apache-maven-3.8.4\repo_jar\ch\qos\logback\logback-classic\1.2.9\logback-classic-1.2.9.jar;D:\Application\apache-maven-3.8.4\repo_jar\ch\qos\logback\logback-core\1.2.9\logback-core-1.2.9.jar;D:\Application\apache-maven-3.8.4\repo_jar\org\apache\logging\log4j\log4j-to-slf4j\2.17.0\log4j-to-slf4j-2.17.0.jar;D:\Application\apache-maven-3.8.4\repo_jar\org\apache\logging\log4j\log4j-api\2.17.0\log4j-api-2.17.0.jar;D:\Application\apache-maven-3.8.4\repo_jar\org\slf4j\jul-to-slf4j\1.7.32\jul-to-slf4j-1.7.32.jar;D:\Application\apache-maven-3.8.4\repo_jar\jakarta\annotation\jakarta.annotation-api\1.3.5\jakarta.annotation-api-1.3.5.jar;D:\Application\apache-maven-3.8.4\repo_jar\org\yaml\snakeyaml\1.29\snakeyaml-1.29.jar;D:\Application\apache-maven-3.8.4\repo_jar\org\springframework\boot\spring-boot-starter-json\2.6.2\spring-boot-starter-json-2.6.2.jar;D:\Application\apache-maven-3.8.4\repo_jar\com\fasterxml\jackson\core\jackson-databind\2.13.1\jackson-databind-2.13.1.jar;D:\Application\apache-maven-3.8.4\repo_jar\com\fasterxml\jackson\core\jackson-annotations\2.13.1\jackson-annotations-2.13.1.jar;D:\Application\apache-maven-3.8.4\repo_jar\com\fasterxml\jackson\core\jackson-core\2.13.1\jackson-core-2.13.1.jar;D:\Application\apache-maven-3.8.4\repo_jar\com\fasterxml\jackson\datatype\jackson-datatype-jdk8\2.13.1\jackson-datatype-jdk8-2.13.1.jar;D:\Application\apache-maven-3.8.4\repo_jar\com\fasterxml\jackson\datatype\jackson-datatype-jsr310\2.13.1\jackson-datatype-jsr310-2.13.1.jar;D:\Application\apache-maven-3.8.4\repo_jar\com\fasterxml\jackson\module\jackson-module-parameter-names\2.13.1\jackson-module-parameter-names-2.13.1.jar;D:\Application\apache-maven-3.8.4\repo_jar\org\springframework\boot\spring-boot-starter-tomcat\2.6.2\spring-boot-starter-tomcat-2.6.2.jar;D:\Application\apache-maven-3.8.4\repo_jar\org\apache\tomcat\embed\tomcat-embed-core\9.0.56\tomcat-embed-core-9.0.56.jar;D:\Application\apache-maven-3.8.4\repo_jar\org\apache\tomcat\embed\tomcat-embed-el\9.0.56\tomcat-embed-el-9.0.56.jar;D:\Application\apache-maven-3.8.4\repo_jar\org\apache\tomcat\embed\tomcat-embed-websocket\9.0.56\tomcat-embed-websocket-9.0.56.jar;D:\Application\apache-maven-3.8.4\repo_jar\org\springframework\spring-web\5.3.14\spring-web-5.3.14.jar;D:\Application\apache-maven-3.8.4\repo_jar\org\springframework\spring-beans\5.3.14\spring-beans-5.3.14.jar;D:\Application\apache-maven-3.8.4\repo_jar\org\springframework\spring-webmvc\5.3.14\spring-webmvc-5.3.14.jar;D:\Application\apache-maven-3.8.4\repo_jar\org\springframework\spring-aop\5.3.14\spring-aop-5.3.14.jar;D:\Application\apache-maven-3.8.4\repo_jar\org\springframework\spring-context\5.3.14\spring-context-5.3.14.jar;D:\Application\apache-maven-3.8.4\repo_jar\org\springframework\spring-expression\5.3.14\spring-expression-5.3.14.jar;D:\Application\apache-maven-3.8.4\repo_jar\org\springframework\boot\spring-boot-devtools\2.6.2\spring-boot-devtools-2.6.2.jar;D:\Application\apache-maven-3.8.4\repo_jar\org\springframework\boot\spring-boot\2.6.2\spring-boot-2.6.2.jar;D:\Application\apache-maven-3.8.4\repo_jar\org\springframework\boot\spring-boot-autoconfigure\2.6.2\spring-boot-autoconfigure-2.6.2.jar;D:\Application\apache-maven-3.8.4\repo_jar\org\springframework\boot\spring-boot-configuration-processor\2.6.2\spring-boot-configuration-processor-2.6.2.jar;D:\Application\apache-maven-3.8.4\repo_jar\org\projectlombok\lombok\1.18.22\lombok-1.18.22.jar;D:\Application\apache-maven-3.8.4\repo_jar\org\springframework\boot\spring-boot-starter-test\2.6.2\spring-boot-starter-test-2.6.2.jar;D:\Application\apache-maven-3.8.4\repo_jar\org\springframework\boot\spring-boot-test\2.6.2\spring-boot-test-2.6.2.jar;D:\Application\apache-maven-3.8.4\repo_jar\org\springframework\boot\spring-boot-test-autoconfigure\2.6.2\spring-boot-test-autoconfigure-2.6.2.jar;D:\Application\apache-maven-3.8.4\repo_jar\com\jayway\jsonpath\json-path\2.6.0\json-path-2.6.0.jar;D:\Application\apache-maven-3.8.4\repo_jar\net\minidev\json-smart\2.4.7\json-smart-2.4.7.jar;D:\Application\apache-maven-3.8.4\repo_jar\net\minidev\accessors-smart\2.4.7\accessors-smart-2.4.7.jar;D:\Application\apache-maven-3.8.4\repo_jar\org\ow2\asm\asm\9.1\asm-9.1.jar;D:\Application\apache-maven-3.8.4\repo_jar\org\slf4j\slf4j-api\1.7.32\slf4j-api-1.7.32.jar;D:\Application\apache-maven-3.8.4\repo_jar\jakarta\xml\bind\jakarta.xml.bind-api\2.3.3\jakarta.xml.bind-api-2.3.3.jar;D:\Application\apache-maven-3.8.4\repo_jar\jakarta\activation\jakarta.activation-api\1.2.2\jakarta.activation-api-1.2.2.jar;D:\Application\apache-maven-3.8.4\repo_jar\org\assertj\assertj-core\3.21.0\assertj-core-3.21.0.jar;D:\Application\apache-maven-3.8.4\repo_jar\org\hamcrest\hamcrest\2.2\hamcrest-2.2.jar;D:\Application\apache-maven-3.8.4\repo_jar\org\junit\jupiter\junit-jupiter\5.8.2\junit-jupiter-5.8.2.jar;D:\Application\apache-maven-3.8.4\repo_jar\org\junit\jupiter\junit-jupiter-api\5.8.2\junit-jupiter-api-5.8.2.jar;D:\Application\apache-maven-3.8.4\repo_jar\org\opentest4j\opentest4j\1.2.0\opentest4j-1.2.0.jar;D:\Application\apache-maven-3.8.4\repo_jar\org\junit\platform\junit-platform-commons\1.8.2\junit-platform-commons-1.8.2.jar;D:\Application\apache-maven-3.8.4\repo_jar\org\apiguardian\apiguardian-api\1.1.2\apiguardian-api-1.1.2.jar;D:\Application\apache-maven-3.8.4\repo_jar\org\junit\jupiter\junit-jupiter-params\5.8.2\junit-jupiter-params-5.8.2.jar;D:\Application\apache-maven-3.8.4\repo_jar\org\junit\jupiter\junit-jupiter-engine\5.8.2\junit-jupiter-engine-5.8.2.jar;D:\Application\apache-maven-3.8.4\repo_jar\org\junit\platform\junit-platform-engine\1.8.2\junit-platform-engine-1.8.2.jar;D:\Application\apache-maven-3.8.4\repo_jar\org\mockito\mockito-core\4.0.0\mockito-core-4.0.0.jar;D:\Application\apache-maven-3.8.4\repo_jar\net\bytebuddy\byte-buddy\1.11.22\byte-buddy-1.11.22.jar;D:\Application\apache-maven-3.8.4\repo_jar\net\bytebuddy\byte-buddy-agent\1.11.22\byte-buddy-agent-1.11.22.jar;D:\Application\apache-maven-3.8.4\repo_jar\org\objenesis\objenesis\3.2\objenesis-3.2.jar;D:\Application\apache-maven-3.8.4\repo_jar\org\mockito\mockito-junit-jupiter\4.0.0\mockito-junit-jupiter-4.0.0.jar;D:\Application\apache-maven-3.8.4\repo_jar\org\skyscreamer\jsonassert\1.5.0\jsonassert-1.5.0.jar;D:\Application\apache-maven-3.8.4\repo_jar\com\vaadin\external\google\android-json\0.0.20131108.vaadin1\android-json-0.0.20131108.vaadin1.jar;D:\Application\apache-maven-3.8.4\repo_jar\org\springframework\spring-core\5.3.14\spring-core-5.3.14.jar;D:\Application\apache-maven-3.8.4\repo_jar\org\springframework\spring-jcl\5.3.14\spring-jcl-5.3.14.jar;D:\Application\apache-maven-3.8.4\repo_jar\org\springframework\spring-test\5.3.14\spring-test-5.3.14.jar;D:\Application\apache-maven-3.8.4\repo_jar\org\xmlunit\xmlunit-core\2.8.4\xmlunit-core-2.8.4.jar;D:\Application\apache-maven-3.8.4\repo_jar\org\springframework\boot\spring-boot-starter-thymeleaf\2.6.2\spring-boot-starter-thymeleaf-2.6.2.jar;D:\Application\apache-maven-3.8.4\repo_jar\org\thymeleaf\thymeleaf-spring5\3.0.14.RELEASE\thymeleaf-spring5-3.0.14.RELEASE.jar;D:\Application\apache-maven-3.8.4\repo_jar\org\thymeleaf\thymeleaf\3.0.14.RELEASE\thymeleaf-3.0.14.RELEASE.jar;D:\Application\apache-maven-3.8.4\repo_jar\org\attoparser\attoparser\2.0.5.RELEASE\attoparser-2.0.5.RELEASE.jar;D:\Application\apache-maven-3.8.4\repo_jar\org\unbescape\unbescape\1.1.6.RELEASE\unbescape-1.1.6.RELEASE.jar;D:\Application\apache-maven-3.8.4\repo_jar\org\thymeleaf\extras\thymeleaf-extras-java8time\3.0.4.RELEASE\thymeleaf-extras-java8time-3.0.4.RELEASE.jar;"/>
    <property name="sun.cpu.endian" value="little"/>
    <property name="user.home" value="C:\Users\刘先生"/>
    <property name="user.language" value="zh"/>
    <property name="java.specification.vendor" value="Oracle Corporation"/>
    <property name="java.home" value="C:\Program Files\Java\jdk1.8.0_202\jre"/>
    <property name="basedir" value="C:\Users\刘先生\Desktop\java-Md\SpirngBoot\springboot-demo5-web"/>
    <property name="file.separator" value="\"/>
    <property name="line.separator" value="&#10;"/>
    <property name="java.vm.specification.vendor" value="Oracle Corporation"/>
    <property name="java.specification.name" value="Java Platform API Specification"/>
    <property name="java.awt.graphicsenv" value="sun.awt.Win32GraphicsEnvironment"/>
    <property name="surefire.real.class.path" value="C:\Users\刘先生\AppData\Local\Temp\surefire7331757049131605170\surefirebooter2289029260579975077.jar"/>
    <property name="sun.boot.class.path" value="C:\Program Files\Java\jdk1.8.0_202\jre\lib\resources.jar;C:\Program Files\Java\jdk1.8.0_202\jre\lib\rt.jar;C:\Program Files\Java\jdk1.8.0_202\jre\lib\sunrsasign.jar;C:\Program Files\Java\jdk1.8.0_202\jre\lib\jsse.jar;C:\Program Files\Java\jdk1.8.0_202\jre\lib\jce.jar;C:\Program Files\Java\jdk1.8.0_202\jre\lib\charsets.jar;C:\Program Files\Java\jdk1.8.0_202\jre\lib\jfr.jar;C:\Program Files\Java\jdk1.8.0_202\jre\classes"/>
    <property name="user.script" value=""/>
    <property name="sun.management.compiler" value="HotSpot 64-Bit Tiered Compilers"/>
    <property name="java.runtime.version" value="1.8.0_202-b08"/>
    <property name="user.name" value="刘先生"/>
    <property name="path.separator" value=";"/>
    <property name="os.version" value="10.0"/>
    <property name="java.endorsed.dirs" value="C:\Program Files\Java\jdk1.8.0_202\jre\lib\endorsed"/>
    <property name="java.runtime.name" value="Java(TM) SE Runtime Environment"/>
    <property name="file.encoding" value="GBK"/>
    <property name="java.vm.name" value="Java HotSpot(TM) 64-Bit Server VM"/>
    <property name="localRepository" value="D:\Application\apache-maven-3.8.4\repo_jar"/>
    <property name="java.vendor.url.bug" value="http://bugreport.sun.com/bugreport/"/>
    <property name="java.io.tmpdir" value="C:\Users\刘先生\AppData\Local\Temp\"/>
    <property name="idea.version" value="2021.3"/>
    <property name="java.version" value="1.8.0_202"/>
    <property name="user.dir" value="C:\Users\刘先生\Desktop\java-Md\SpirngBoot\springboot-demo5-web"/>
    <property name="os.arch" value="amd64"/>
    <property name="java.vm.specification.name" value="Java Virtual Machine Specification"/>
    <property name="java.awt.printerjob" value="sun.awt.windows.WPrinterJob"/>
    <property name="sun.os.patch.level" value=""/>
    <property name="java.library.path" value="C:\Program Files\Java\jdk1.8.0_202\jre\bin;C:\WINDOWS\Sun\Java\bin;C:\WINDOWS\system32;C:\WINDOWS;C:\Program Files (x86)\Common Files\Oracle\Java\javapath;C:\WINDOWS\system32;C:\WINDOWS;C:\WINDOWS\System32\Wbem;C:\WINDOWS\System32\WindowsPowerShell\v1.0\;C:\WINDOWS\System32\OpenSSH\;C:\Program Files\nodejs\;C:\Program Files\Git\cmd;C:\Program Files\Java\jdk1.8.0_202\bin;C:\Program Files\Java\jdk1.8.0_202\jre\bin;D:\Application\mysql-8.0.23-winx64\bin;D:\Application\apache-maven-3.8.4\bin;D:\Application\apache-maven-3.8.4\bin;C:\Users\刘先生\AppData\Local\Microsoft\WindowsApps;C:\Users\刘先生\AppData\Roaming\npm;;%IntelliJ IDEA%;."/>
    <property name="java.vm.info" value="mixed mode"/>
    <property name="java.vendor" value="Oracle Corporation"/>
    <property name="java.vm.version" value="25.202-b08"/>
    <property name="java.ext.dirs" value="C:\Program Files\Java\jdk1.8.0_202\jre\lib\ext;C:\WINDOWS\Sun\Java\lib\ext"/>
    <property name="sun.io.unicode.encoding" value="UnicodeLittle"/>
    <property name="java.class.version" value="52.0"/>
  </properties>
  <testcase name="contextLoads" classname="com.liuhui.boot.SpringbootDemo5WebApplicationTests" time="0.978"/>
</testsuite>